<?xml version="1.0" encoding="UTF-8"?>
<testsuite name="AtmMachineTest" tests="1" skipped="0" failures="1" errors="0" timestamp="2021-10-16T13:09:47" hostname="AIDAR" time="1.495">
  <properties/>
  <testcase name="testPlayPingPong" classname="AtmMachineTest" time="1.495">
    <failure message="java.lang.NullPointerException" type="java.lang.NullPointerException">java.lang.NullPointerException
	at io.vlingo.xoom.actors.Stage.actorFor(Stage.java:470)
	at io.vlingo.xoom.actors.Stage.actorFor(Stage.java:106)
	at io.vlingo.xoom.actors.Stage.actorFor(Stage.java:95)
	at io.vlingo.xoom.actors.World.actorFor(World.java:126)
	at AtmMachineTest.testPlayPingPong(AtmMachineTest.java:14)
	at java.base/jdk.internal.reflect.NativeMethodAccessorImpl.invoke0(Native Method)
	at java.base/jdk.internal.reflect.NativeMethodAccessorImpl.invoke(NativeMethodAccessorImpl.java:62)
	at java.base/jdk.internal.reflect.DelegatingMethodAccessorImpl.invoke(DelegatingMethodAccessorImpl.java:43)
	at java.base/java.lang.reflect.Method.invoke(Method.java:566)
	at org.junit.runners.model.FrameworkMethod$1.runReflectiveCall(FrameworkMethod.java:50)
	at org.junit.internal.runners.model.ReflectiveCallable.run(ReflectiveCallable.java:12)
	at org.junit.runners.model.FrameworkMethod.invokeExplosively(FrameworkMethod.java:47)
	at org.junit.internal.runners.statements.InvokeMethod.evaluate(InvokeMethod.java:17)
	at org.junit.runners.ParentRunner.runLeaf(ParentRunner.java:325)
	at org.junit.runners.BlockJUnit4ClassRunner.runChild(BlockJUnit4ClassRunner.java:78)
	at org.junit.runners.BlockJUnit4ClassRunner.runChild(BlockJUnit4ClassRunner.java:57)
	at org.junit.runners.ParentRunner$3.run(ParentRunner.java:290)
	at org.junit.runners.ParentRunner$1.schedule(ParentRunner.java:71)
	at org.junit.runners.ParentRunner.runChildren(ParentRunner.java:288)
	at org.junit.runners.ParentRunner.access$000(ParentRunner.java:58)
	at org.junit.runners.ParentRunner$2.evaluate(ParentRunner.java:268)
	at org.junit.runners.ParentRunner.run(ParentRunner.java:363)
	at org.gradle.api.internal.tasks.testing.junit.JUnitTestClassExecutor.runTestClass(JUnitTestClassExecutor.java:110)
	at org.gradle.api.internal.tasks.testing.junit.JUnitTestClassExecutor.execute(JUnitTestClassExecutor.java:58)
	at org.gradle.api.internal.tasks.testing.junit.JUnitTestClassExecutor.execute(JUnitTestClassExecutor.java:38)
	at org.gradle.api.internal.tasks.testing.junit.AbstractJUnitTestClassProcessor.processTestClass(AbstractJUnitTestClassProcessor.java:62)
	at org.gradle.api.internal.tasks.testing.SuiteTestClassProcessor.processTestClass(SuiteTestClassProcessor.java:51)
	at java.base/jdk.internal.reflect.NativeMethodAccessorImpl.invoke0(Native Method)
	at java.base/jdk.internal.reflect.NativeMethodAccessorImpl.invoke(NativeMethodAccessorImpl.java:62)
	at java.base/jdk.internal.reflect.DelegatingMethodAccessorImpl.invoke(DelegatingMethodAccessorImpl.java:43)
	at java.base/java.lang.reflect.Method.invoke(Method.java:566)
	at org.gradle.internal.dispatch.ReflectionDispatch.dispatch(ReflectionDispatch.java:36)
	at org.gradle.internal.dispatch.ReflectionDispatch.dispatch(ReflectionDispatch.java:24)
	at org.gradle.internal.dispatch.ContextClassLoaderDispatch.dispatch(ContextClassLoaderDispatch.java:33)
	at org.gradle.internal.dispatch.ProxyDispatchAdapter$DispatchingInvocationHandler.invoke(ProxyDispatchAdapter.java:94)
	at com.sun.proxy.$Proxy2.processTestClass(Unknown Source)
	at org.gradle.api.internal.tasks.testing.worker.TestWorker.processTestClass(TestWorker.java:118)
	at java.base/jdk.internal.reflect.NativeMethodAccessorImpl.invoke0(Native Method)
	at java.base/jdk.internal.reflect.NativeMethodAccessorImpl.invoke(NativeMethodAccessorImpl.java:62)
	at java.base/jdk.internal.reflect.DelegatingMethodAccessorImpl.invoke(DelegatingMethodAccessorImpl.java:43)
	at java.base/java.lang.reflect.Method.invoke(Method.java:566)
	at org.gradle.internal.dispatch.ReflectionDispatch.dispatch(ReflectionDispatch.java:36)
	at org.gradle.internal.dispatch.ReflectionDispatch.dispatch(ReflectionDispatch.java:24)
	at org.gradle.internal.remote.internal.hub.MessageHubBackedObjectConnection$DispatchWrapper.dispatch(MessageHubBackedObjectConnection.java:182)
	at org.gradle.internal.remote.internal.hub.MessageHubBackedObjectConnection$DispatchWrapper.dispatch(MessageHubBackedObjectConnection.java:164)
	at org.gradle.internal.remote.internal.hub.MessageHub$Handler.run(MessageHub.java:412)
	at org.gradle.internal.concurrent.ExecutorPolicy$CatchAndRecordFailures.onExecute(ExecutorPolicy.java:64)
	at org.gradle.internal.concurrent.ManagedExecutorImpl$1.run(ManagedExecutorImpl.java:48)
	at java.base/java.util.concurrent.ThreadPoolExecutor.runWorker(ThreadPoolExecutor.java:1128)
	at java.base/java.util.concurrent.ThreadPoolExecutor$Worker.run(ThreadPoolExecutor.java:628)
	at org.gradle.internal.concurrent.ThreadFactoryImpl$ManagedThreadRunnable.run(ThreadFactoryImpl.java:56)
	at java.base/java.lang.Thread.run(Thread.java:834)
</failure>
  </testcase>
  <system-out><![CDATA[XOOM: DynaCompiler ERROR: D:\Idea projects\atm-mashine-actors\target\generated-sources\playground\BankActor__Proxy.java:26: error: interface expected here
public class BankActor__Proxy extends ActorProxyBase<playground.BankActor> implements playground.BankActor, Proxy {
                                                                                                ^
XOOM: DynaCompiler ERROR: D:\Idea projects\atm-mashine-actors\target\generated-sources\playground\BankActor__Proxy.java:98: error: method equals(java.lang.Object) is already defined in class playground.BankActor__Proxy
  public boolean equals(java.lang.Object arg0) {
                 ^
XOOM: DynaCompiler ERROR: D:\Idea projects\atm-mashine-actors\target\generated-sources\playground\BankActor__Proxy.java:110: error: method toString() is already defined in class playground.BankActor__Proxy
  public java.lang.String toString() {
                          ^
XOOM: DynaCompiler ERROR: D:\Idea projects\atm-mashine-actors\target\generated-sources\playground\BankActor__Proxy.java:122: error: method hashCode() is already defined in class playground.BankActor__Proxy
  public int hashCode() {
             ^
XOOM: DynaCompiler ERROR: D:\Idea projects\atm-mashine-actors\target\generated-sources\playground\BankActor__Proxy.java:156: error: method address() is already defined in class playground.BankActor__Proxy
  public io.vlingo.xoom.actors.Address address() {
                                       ^
XOOM: DynaCompiler ERROR: D:\Idea projects\atm-mashine-actors\target\generated-sources\playground\BankActor__Proxy.java:273: error: wait(long) in playground.BankActor__Proxy cannot override wait(long) in java.lang.Object
  public void wait(long arg0) throws java.lang.InterruptedException {
              ^
  overridden method is final
XOOM: DynaCompiler ERROR: D:\Idea projects\atm-mashine-actors\target\generated-sources\playground\BankActor__Proxy.java:284: error: wait(long,int) in playground.BankActor__Proxy cannot override wait(long,int) in java.lang.Object
  public void wait(long arg0, int arg1) throws java.lang.InterruptedException {
              ^
  overridden method is final
XOOM: DynaCompiler ERROR: D:\Idea projects\atm-mashine-actors\target\generated-sources\playground\BankActor__Proxy.java:295: error: wait() in playground.BankActor__Proxy cannot override wait() in java.lang.Object
  public void wait() throws java.lang.InterruptedException {
              ^
  overridden method is final
XOOM: DynaCompiler ERROR: D:\Idea projects\atm-mashine-actors\target\generated-sources\playground\BankActor__Proxy.java:306: error: getClass() in playground.BankActor__Proxy cannot override getClass() in java.lang.Object
  public java.lang.Class<?> getClass() {
                            ^
  overridden method is final
XOOM: DynaCompiler ERROR: D:\Idea projects\atm-mashine-actors\target\generated-sources\playground\BankActor__Proxy.java:318: error: notify() in playground.BankActor__Proxy cannot override notify() in java.lang.Object
  public void notify() {
              ^
  overridden method is final
XOOM: DynaCompiler ERROR: D:\Idea projects\atm-mashine-actors\target\generated-sources\playground\BankActor__Proxy.java:329: error: notifyAll() in playground.BankActor__Proxy cannot override notifyAll() in java.lang.Object
  public void notifyAll() {
              ^
  overridden method is final
XOOM: DynaCompiler ERROR: D:\Idea projects\atm-mashine-actors\target\generated-test-sources\playground\BankActor__Proxy.java:26: error: interface expected here
public class BankActor__Proxy extends ActorProxyBase<playground.BankActor> implements playground.BankActor, Proxy {
                                                                                                ^
XOOM: DynaCompiler ERROR: D:\Idea projects\atm-mashine-actors\target\generated-test-sources\playground\BankActor__Proxy.java:98: error: method equals(java.lang.Object) is already defined in class playground.BankActor__Proxy
  public boolean equals(java.lang.Object arg0) {
                 ^
XOOM: DynaCompiler ERROR: D:\Idea projects\atm-mashine-actors\target\generated-test-sources\playground\BankActor__Proxy.java:110: error: method toString() is already defined in class playground.BankActor__Proxy
  public java.lang.String toString() {
                          ^
XOOM: DynaCompiler ERROR: D:\Idea projects\atm-mashine-actors\target\generated-test-sources\playground\BankActor__Proxy.java:122: error: method hashCode() is already defined in class playground.BankActor__Proxy
  public int hashCode() {
             ^
XOOM: DynaCompiler ERROR: D:\Idea projects\atm-mashine-actors\target\generated-test-sources\playground\BankActor__Proxy.java:156: error: method address() is already defined in class playground.BankActor__Proxy
  public io.vlingo.xoom.actors.Address address() {
                                       ^
XOOM: DynaCompiler ERROR: D:\Idea projects\atm-mashine-actors\target\generated-test-sources\playground\BankActor__Proxy.java:273: error: wait(long) in playground.BankActor__Proxy cannot override wait(long) in java.lang.Object
  public void wait(long arg0) throws java.lang.InterruptedException {
              ^
  overridden method is final
XOOM: DynaCompiler ERROR: D:\Idea projects\atm-mashine-actors\target\generated-test-sources\playground\BankActor__Proxy.java:284: error: wait(long,int) in playground.BankActor__Proxy cannot override wait(long,int) in java.lang.Object
  public void wait(long arg0, int arg1) throws java.lang.InterruptedException {
              ^
  overridden method is final
XOOM: DynaCompiler ERROR: D:\Idea projects\atm-mashine-actors\target\generated-test-sources\playground\BankActor__Proxy.java:295: error: wait() in playground.BankActor__Proxy cannot override wait() in java.lang.Object
  public void wait() throws java.lang.InterruptedException {
              ^
  overridden method is final
XOOM: DynaCompiler ERROR: D:\Idea projects\atm-mashine-actors\target\generated-test-sources\playground\BankActor__Proxy.java:306: error: getClass() in playground.BankActor__Proxy cannot override getClass() in java.lang.Object
  public java.lang.Class<?> getClass() {
                            ^
  overridden method is final
XOOM: DynaCompiler ERROR: D:\Idea projects\atm-mashine-actors\target\generated-test-sources\playground\BankActor__Proxy.java:318: error: notify() in playground.BankActor__Proxy cannot override notify() in java.lang.Object
  public void notify() {
              ^
  overridden method is final
XOOM: DynaCompiler ERROR: D:\Idea projects\atm-mashine-actors\target\generated-test-sources\playground\BankActor__Proxy.java:329: error: notifyAll() in playground.BankActor__Proxy cannot override notifyAll() in java.lang.Object
  public void notifyAll() {
              ^
  overridden method is final
]]></system-out>
  <system-err><![CDATA[[pool-2-thread-11] ERROR io.vlingo.xoom.actors.Logger - Actor instantiation failed because: Actor proxy playground.BankActor not created for main or test: Actor proxy playground.BankActor not created because: Dynamically generated class source did not compile: playground.BankActor__Proxy
]]></system-err>
</testsuite>
